 it                x_optimum                abs(expected - x_optimum)
  1 0.92705098312484235378860830678605 0.92705098312484235378860830678605 
  2 0.57294901687515786825599661824526 0.57294901687515786825599661824526 
  3 0.35410196624968465206606538231426 0.35410196624968465206606538231426 
  4 0.21884705062547327170108246718883 0.21884705062547327170108246718883 
  5 0.13525491562421140812055853075435 0.13525491562421140812055853075435 
  6 0.08359213500126186358052393643447 0.08359213500126186358052393643447 
  7 0.05166278062294957229561020994879 0.05166278062294957229561020994879 
  8 0.03192935437831230516270153430014 0.03192935437831230516270153430014 
  9 0.01973342624463727407180257955588 0.01973342624463727407180257955588 
 10 0.01219592813367503456034590669788 0.01219592813367503456034590669788 
 11 0.00753749811096224298090362481162 0.00753749811096224298090362481162 
 12 0.00465843002271279244680401987466 0.00465843002271279244680401987466 
 13 0.00287906808824945096778047393116 0.00287906808824945096778047393116 
 14 0.00177936193446334256322571842901 0.00177936193446334256322571842901 
 15 0.00109970615378610862139518999925 0.00109970615378610862139518999925 
 16 0.00067965578067723405025074567831 0.00067965578067723405025074567831 
 17 0.00042005037310887473377477019376 0.00042005037310887473377477019376 
 18 0.00025960540756835942489619273310 0.00025960540756835942489619273310 
 19 0.00016044496554051533598363177280 0.00016044496554051533598363177280 
 20 0.00009916044202784412957014242851 0.00009916044202784412957014242851 
 21 0.00006128452351267121996601650036 0.00006128452351267121996601650036 
 22 0.00003787591851517291638038950619 0.00003787591851517291638038950619 
 23 0.00002340860499749831375002236122 0.00002340860499749831375002236122 
 24 0.00001446731351767460771256482849 0.00001446731351767460771256482849 
 25 0.00000894129147982371111965521626 0.00000894129147982371111965521626 
 26 0.00000552602203785089828697550673 0.00000552602203785089828697550673 
 27 0.00000341526944197281325619618315 0.00000341526944197281325619618315 
 28 0.00000211075259587808545429579721 0.00000211075259587808545429579721 
 29 0.00000130451684609472822541685957 0.00000130451684609472822541685957 
 30 0.00000080623574978335765239541126 0.00000080623574978335765239541126 
 31 0.00000049828109631137067890056672 0.00000049828109631137067890056672 
 32 0.00000030795465347198697349484454 0.00000030795465347198697349484454 
 33 0.00000019032644283938378481506098 0.00000019032644283938378481506098 
 34 0.00000011762821063260324161934276 0.00000011762821063260324161934276 
 35 0.00000007269823220678058290038763 0.00000007269823220678058290038763 
