 it               x_next                       |expected - x_next|
  1 2.996489223599853701784923032391816 0.003510776400146230994542273506909
  1 2.990632702962148226077943036216311 0.009367297037851921373552421812292
  2 2.978361812257688701066626890678890 0.021638187742311115052684655779558
  3 3.027157683150643929792522612842731 0.027157683150644009589802507775858
  4 3.054971066998374507051039472571574 0.054971066998374298884222355354723
  5 3.054364261927110302252685869461857 0.054364261927110510419502986678708
  6 3.053451107608804893089882170897909 0.053451107608804955539927306062964
  7 3.052071299355103572992220506421290 0.052071299355103420336554620462266
  8 3.049966512953506736494091455824673 0.049966512953506750371879263639130
  9 3.046681990185840849250098472111858 0.046681990185840648022175258802235
 10 3.041240359985729391212316841119900 0.041240359985729287128908282511475
 11 3.030169265049349469620665331603959 0.030169265049349379415044580809990
 12 3.121489322211037809040590218501166 0.121489322211037586995985293469857
 13 3.138996571899099308211589232087135 0.138996571899099474745042925860616
 14 3.131665355069882750171927909832448 0.131665355069882583638474216058967
 15 3.106831341580186034434518660418689 0.106831341580186076067882083862060
 16 3.108213736936089155449280951870605 0.108213736936089308104946837829630
 17 3.110325421452285965528972155880183 0.110325421452285882262245308993442
 18 3.113632863604746781049925630213693 0.113632863604746975338954939616087
 19 3.119175226096499553563035078695975 0.119175226096499331518430153664667
 20 3.131095027596172641892735555302352 0.131095027596172780670613633446919
 21 3.102202424503967215230204601539299 0.102202424503967298496931448426039
 22 3.101249927812231632628936495166272 0.101249927812231507728846224836161
 23 3.099808954475885780510679978760891 0.099808954475885780510679978760891
 24 3.097604704938798469981975358678028 0.097604704938798650393216860265966
 25 3.094140956238033091096895077498630 0.094140956238032882930077960281778
 26 3.088286405551266433633372798794881 0.088286405551266350366645951908140
 27 3.075241863250995688616740153520368 0.075241863250995841272406039479392
 28 3.097669526965688202579940480063669 0.097669526965688008290911170661275
 29 3.094244959749570700324738936615176 0.094244959749570894613768246017571
 30 3.088473211325755141132276548887603 0.088473211325754919087671623856295
 31 3.075790788548886656172953735222109 0.075790788548886808828619621181133
 32 3.101162473410289166508846392389387 0.101162473410289069364331737688190
 33 3.099676115070157056408106654998846 0.099676115070157195185984733143414
 34 3.097399557695422078751334993285127 0.097399557695422009362395954212843
 35 3.093810778124595373128613573499024 0.093810778124595373128613573499024
 36 3.087687391803564107561896889819764 0.087687391803563885517291964788456
 37 3.073370557066059660655810148455203 0.073370557066059882700415073486511
 38 3.089173244914223737112024537054822 0.089173244914223931401053846457216
 39 3.077725878192854924719767950591631 0.077725878192855091253221644365112
 40 3.123335129261221254637348465621471 0.123335129261221282392924081250385
 41 3.149513023034651304499220714205876 0.149513023034651248988069482948049
 42 3.149017639946515512150426729931496 0.149017639946515317861397420529102
 43 3.148272743550692531755430536577478 0.148272743550692670533308614722046
 44 3.147149189206684294362048603943549 0.147149189206684294362048603943549
 45 3.145442407764463599306736796279438 0.145442407764463432773283102505957
 46 3.142805784441251137906192525406368 0.142805784441251026883890062890714
 47 3.138556424920660781197057076497003 0.138556424920660753441481460868090
 48 3.130771169566001432826851669233292 0.130771169566001238537822359830898
 49 3.098975937260270097084458029712550 0.098975937260270291373487339114945
 50 3.096311530814020773760830707033165 0.096311530814020870905345361734362
 51 3.092030513181610817952105207950808 0.092030513181610998363346709538746
 52 3.084269264753239703225062839919701 0.084269264753239675469487224290788
 53 3.056034695703905068597805438912474 0.056034695703904999208866399840190
 54 3.055960935636659492331546061905101 0.055960935636659610292742428327983
 55 3.055850290252006828950470662675798 0.055850290252007009361712164263736
 56 3.055684304340860801829649062710814 0.055684304340860579785044137679506
 57 3.055435265267311351067291980143636 0.055435265267311524539639577824346
 58 3.055061503303440950674030318623409 0.055061503303441124146377916304118
 59 3.054500172703866756052093478501774 0.054500172703866540946382457377695
 60 3.053655845001622015644215935026295 0.053655845001621994827534223304610
 61 3.052381395236931194148155555012636 0.052381395236930985981338437795785
 62 3.050442148849728862813890373217873 0.050442148849728800363845238052818
 63 3.047434291401476258442926337011158 0.047434291401476216809562913567788
 64 3.042533985671290519547937947208993 0.042533985671290429342317196415024
 65 3.033203287143966253580629199859686 0.033203287143966433991870701447624
 66 2.959221411539430857118304629693739 0.040778588460568948592666060903866
 67 2.961241113016959136672312524751760 0.038758886983041043738928976836178
 68 2.964368809961277051456818298902363 0.035631190038722920787606085468724
 69 2.969445684730301682208164493204094 0.030554315269698529428099575966371
 70 2.979012036126330364993464172584936 0.020987963873669673170452298904820
 71 3.043368324684131209778570337221026 0.043368324684131195900782529406570
 72 3.034988426442887465839248761767522 0.034988426442887285428007260179584
 73 2.999678202078599031921157802571543 0.000321797921400975668257404826988
 74 2.995974397227302521429237458505668 0.004025602772697680666047492792359
 75 2.989716044756697943540757478331216 0.010283955243302158807927604300403
 76 2.975798325727399884499391191639006 0.024201674272600330606319829485074
 77 3.000305564298985316895596042741090 0.000305564298985117456606414032549
 78 2.996975118269367133194691632525064 0.003024881730632989970675161828240
 79 2.991481278973479707161686746985652 0.008518721026520252939673305547785
 80 2.980503487588612276937283240840770 0.019496512411387598162626488829119
 81 3.212087142986966625812783604487777 0.212087142986966736835086067003431
 82 3.229235220759948621349622044363059 0.229235220759948482571743966218492
 83 3.223119968911568378189258510246873 0.223119968911568405944834125875786
 84 3.206991468589601268490696384105831 0.206991468589601268490696384105831
 85 3.214475591805073584339424996869639 0.214475591805073584339424996869639
 86 3.246382492744205094936660316307098 0.246382492744205122692235931936011
 87 3.250318132396786463544913203804754 0.250318132396786297011459510031273
 88 3.257509653960442008724385232198983 0.257509653960442175257838925972464
 89 3.286795562807787174364193560904823 0.286795562807787174364193560904823
 90 3.289435470729390242894396578776650 0.289435470729390020849791653745342
 91 3.293758027478538519261519468273036 0.293758027478538519261519468273036
 92 3.302173057766487396236243512248620 0.302173057766487340725092280990793
 93 3.529300807517063542917412632959895 0.529300807517063542917412632959895
 94 3.542828480377529842826334061101079 0.542828480377529731804031598585425
 95 3.537040378144744146027278475230560 0.537040378144744368071883400261868
 96 3.516599823738187247101905086310580 0.516599823738187358124207548826234
 97 3.516980211042659565379153718822636 0.516980211042659565379153718822636
 98 3.517552094609617263643031037645414 0.517552094609617485687635962676723
 99 3.518414363129552580033987396745943 0.518414363129552580033987396745943
100 3.519723121147156241761422279523686 0.519723121147156463806027204554994
101 3.521740958859113312939825846115127 0.521740958859113423962128308630781
102 3.524977539733674891664350070641376 0.524977539733674891664350070641376
103 3.530821004222420622653544342028908 0.530821004222420622653544342028908
104 3.551630738343173998572410710039549 0.551630738343173998572410710039549
105 3.551512345683198290657855977769941 0.551512345683198068613251052738633
106 3.551334715901600880272326321573928 0.551334715901600991294628784089582
107 3.551068133442788266052048129495233 0.551068133442788155029745666979579
108 3.550667793791729476282625910243951 0.550667793791729476282625910243951
109 3.550065704250700004962482125847600 0.550065704250699893940179663331946
110 3.549157178399403811397405661409721 0.549157178399403811397405661409721
111 3.547775724584546264139817139948718 0.547775724584546153117514677433064
112 3.545636687125828689914897040580399 0.545636687125828578892594578064745
113 3.542167485624389211551488187978975 0.542167485624389322573790650494630
114 3.535666034838696347719633195083588 0.535666034838696347719633195083588
115 3.498561051294973633929430434363894 0.498561051294973578418279203106067
116 3.434138567213326886928825842915103 0.434138567213326831417674611657276
117 3.429982856136856828044301437330432 0.429982856136856939066603899846086
118 3.421643173986642416650738596217707 0.421643173986642361139587364959880
119 3.544221999411604873131409476627596 0.544221999411604762109107014111942
120 3.539698062388962451763063654652797 0.539698062388962562785366117168451
121 3.529356445017790999685303177102469 0.529356445017791110707605639618123
122 3.543068056277663746556072510429658 0.543068056277663746556072510429658
123 3.537518048512023671747783737373538 0.537518048512023782770086199889192
124 3.519938550782309771847167212399654 0.519938550782309882869469674915308
125 3.522078032657057544696499462588690 0.522078032657057655718801925104344
126 3.525539858782840596518326492514461 0.525539858782840596518326492514461
127 3.531983768682228408408718678401783 0.531983768682228297386416215886129
128 3.565843486522942917815726104890928 0.565843486522943028838028567406582
129 3.582195824988539722966152112348936 0.582195824988539611943849649833282
130 3.579532941864929984632226478424855 0.579532941864930095654528940940509
131 3.574985276179963200604561279760674 0.574985276179962978559956354729366
132 3.564284897754331105090841447236016 0.564284897754331327135446372267324
133 3.575370604492917436800780706107616 0.575370604492917436800780706107616
134 3.565511442741923442412144140689634 0.565511442741923664456749065720942
135 3.580420417539545319129956624237821 0.580420417539545541174561549269129
136 3.576567284543587188494484507828020 0.576567284543587077472182045312366
137 3.568780613737142282104741752846166 0.568780613737142060060136827814858
138 3.648769460641221318297766629257239 0.648769460641221207275464166741585
139 3.644717463736684592845449515152723 0.644717463736684814890054440184031
140 3.635915259221304651759965054225177 0.635915259221304429715360129193868
141 3.655792515633854211642983500496484 0.655792515633854322665285963012138
142 3.655833305379332820450599683681503 0.655833305379332820450599683681503
143 3.655894491873816765092897185240872 0.655894491873816765092897185240872
144 3.655986277949160090372515696799383 0.655986277949160090372515696799383
145 3.656123978446466527003622104530223 0.656123978446466415981319642014569
146 3.656330601423019466267305688234046 0.656330601423019466267305688234046
147 3.656640780088164177641374408267438 0.656640780088164399685979333298746
148 3.657106875359795061797285598004237 0.657106875359794839752680672972929
149 3.657808833453920716038965110783465 0.657808833453920605016662648267811
150 3.658871448255335945276556230965070 0.658871448255336167321161155996379
151 3.660499423509521843556058229296468 0.660499423509521732533755766780814
152 3.663068075500329090488094152533449 0.663068075500328868443489227502141
153 3.667466768176259162004271274781786 0.667466768176259273026573737297440
154 3.678024780525012804588413928286172 0.678024780525012693566111465770518
155 3.668984932880670069010875522508286 0.668984932880670069010875522508286
156 3.684835718898288092759685241617262 0.684835718898288314804290166648570
157 3.682621952331282422221647721016780 0.682621952331282422221647721016780
158 3.678956457708010940876874883542769 0.678956457708011162921479808574077
159 3.671509498665916915172147128032520 0.671509498665916804149844665516866
160 3.733526904341684993227090672007762 0.733526904341685104249393134523416
161 3.744909921044443201765261619584635 0.744909921044443201765261619584635
162 3.738726915860589361528809604351409 0.738726915860589583573414529382717
163 3.678644797076668027102641644887626 0.678644797076668027102641644887626
164 3.670712123036314000756874520448036 0.670712123036313778712269595416728
165 3.703490309878795017084485152736306 0.703490309878794795039880227704998
166 3.731169337023220400340051128296182 0.731169337023220400340051128296182
167 3.737874049179529034603319814777933 0.737874049179529145625622277293587
168 0.446521990696313098023750853826641 2.553478009303686846465097914915532
169 0.711717492416528596521629879134707 2.288282507583471403478370120865293
170 0.771298402982536601690810584841529 2.228701597017463509331491877674125
171 0.899897520090894298405714835098479 2.100102479909105479549680239870213
172 1.295306333393426045930141299322713 1.704693666606573954069858700677287
173 0.975423851409363051878642636438599 2.024576148590636837099054901045747
174 1.172622583621885317128885617421474 1.827377416378114682871114382578526
175 1.083651276627900505999946290103253 1.916348723372099494000053709896747
176 1.097303614280196182306781338411383 1.902696385719803817693218661588617
177 1.097167545873047433957481189281680 1.902832454126952566042518810718320
